[0mGET /message/friend/rishikeshcrever@gmail.com [36m302[0m 8.573 ms - 72[0m
[0mGET /users/sign-in [36m304[0m 13.423 ms - -[0m
[0mGET /message/friend/abc@gmail.com [36m302[0m 1.616 ms - 72[0m
[0mGET /users/sign-in [36m304[0m 5.017 ms - -[0m
[0mPOST /users/create-session [36m302[0m 17.317 ms - 122[0m
[0mGET /users/profile/60cf6c1f1d4ebb643d674b0a [36m304[0m 9.678 ms - -[0m
[0mPOST /users/create-session [36m302[0m 5.933 ms - 122[0m
[0mGET /users/profile/60e6cdb34544d7789a810efd [36m304[0m 9.613 ms - -[0m
[0mGET / [36m304[0m 24.541 ms - -[0m
[0mGET /users/profile/60cf6c1f1d4ebb643d674b0a [36m304[0m 10.153 ms - -[0m
[0mGET /message/friend/rishikeshcrever@gmail.com [32m200[0m 18.863 ms - 12573[0m
[0mGET / [36m304[0m 16.932 ms - -[0m
[0mGET /users/profile/60e6cdb34544d7789a810efd [36m304[0m 7.651 ms - -[0m
[0mGET /message/friend/abc@gmail.com [32m200[0m 17.423 ms - 12391[0m
[0mPOST /message/save [32m200[0m 5.067 ms - 43[0m
[0mPOST /message/save [32m200[0m 4.854 ms - 43[0m
[0mGET /message/friend/abc@gmail.com [32m200[0m 45.941 ms - 13181[0m
[0mGET /message/friend/rishikeshcrever@gmail.com [32m200[0m 20.235 ms - 13376[0m
[0mPOST /message/save [32m200[0m 5.437 ms - 43[0m
[0mPOST /message/save [32m200[0m 4.170 ms - 43[0m
[0mPOST /message/save [32m200[0m 4.907 ms - 43[0m
[0mPOST /message/save [32m200[0m 5.259 ms - 43[0m
[0mGET /message/friend/abc@gmail.com [32m200[0m 13.143 ms - 4861[0m
[0mGET /message/friend/rishikeshcrever@gmail.com [32m200[0m 12.586 ms - 4976[0m
[0mPOST /message/save [32m200[0m 5.302 ms - 43[0m
[0mPOST /message/save [32m200[0m 4.608 ms - 43[0m
[0mPOST /message/save [32m200[0m 4.464 ms - 43[0m
[0mPOST /message/save [32m200[0m 4.318 ms - 43[0m
[0mGET /message/friend/rishikeshcrever@gmail.com [32m200[0m 38.346 ms - 6645[0m
[0mPOST /message/save [32m200[0m 4.838 ms - 43[0m
[0mPOST /message/save [32m200[0m 7.988 ms - 43[0m
[0mGET /message/friend/abc@gmail.com [32m200[0m 17.811 ms - 7119[0m
[0mGET /message/friend/abc@gmail.com [36m302[0m 8.460 ms - 72[0m
[0mGET /users/sign-in [36m304[0m 12.778 ms - -[0m
[0mPOST /users/create-session [36m302[0m 17.354 ms - 122[0m
[0mGET /users/profile/60cf6c1f1d4ebb643d674b0a [36m304[0m 10.524 ms - -[0m
[0mGET /message/friend/rishikeshcrever@gmail.com [36m302[0m 1.522 ms - 72[0m
[0mGET /users/sign-in [36m304[0m 4.108 ms - -[0m
[0mPOST /users/create-session [36m302[0m 6.042 ms - 122[0m
[0mGET /users/profile/60e6cdb34544d7789a810efd [36m304[0m 8.999 ms - -[0m
[0mGET / [36m304[0m 24.396 ms - -[0m
[0mGET /users/profile/60cf6c1f1d4ebb643d674b0a [36m304[0m 8.599 ms - -[0m
[0mGET /message/friend/rishikeshcrever@gmail.com [32m200[0m 15.600 ms - 7273[0m
[0mGET / [36m304[0m 15.498 ms - -[0m
[0mGET /users/profile/60e6cdb34544d7789a810efd [36m304[0m 7.789 ms - -[0m
[0mGET /message/friend/abc@gmail.com [32m200[0m 14.502 ms - 7119[0m
[0mPOST /message/save [32m200[0m 5.350 ms - 43[0m
[0mPOST /message/save [32m200[0m 4.397 ms - 43[0m
[0mPOST /message/save [32m200[0m 5.100 ms - 43[0m
[0mPOST /message/save [32m200[0m 4.824 ms - 43[0m
[0mPOST /message/save [32m200[0m 4.349 ms - 43[0m
[0mGET / [32m200[0m 34.501 ms - 3061[0m
[0mGET /favicon.ico [33m404[0m 8.604 ms - 150[0m
[0mGET /users/sign-up [32m200[0m 6.846 ms - 1842[0m
[0mPOST /users/create [36m302[0m 23.722 ms - 72[0m
[0mGET /users/sign-in [36m304[0m 4.573 ms - -[0m
[0mPOST /users/create-session [36m302[0m 7.388 ms - 122[0m
[0mGET /users/profile/61feb8790e6114be0f37646c [32m200[0m 9.702 ms - 2821[0m
[0mGET / [32m200[0m 16.956 ms - 3648[0m
[0mGET /users/profile/60cf6c1f1d4ebb643d674b0a [32m200[0m 9.582 ms - 2269[0m
[0mGET /friends/add/60cf6c1f1d4ebb643d674b0a [36m302[0m 13.968 ms - 122[0m
[0mGET /users/profile/60cf6c1f1d4ebb643d674b0a [32m200[0m 19.017 ms - 2397[0m
[0mGET /users/profile/60cf6c1f1d4ebb643d674b0a [36m304[0m 32.076 ms - -[0m
[0mGET / [32m200[0m 24.552 ms - 3859[0m
[0mGET /users/profile/60cf6c1f1d4ebb643d674b0a [36m304[0m 12.375 ms - -[0m
[0mGET /message/friend/rishikeshcrever@gmail.com [32m200[0m 15.675 ms - 2107[0m
[0mPOST /message/save [32m200[0m 5.577 ms - 43[0m
[0mGET / [32m200[0m 9.143 ms - 3245[0m
[0mGET /favicon.ico [33m404[0m 3.711 ms - 150[0m
[0mGET /users/sign-in [32m200[0m 4.388 ms - 1850[0m
[0mPOST /users/create-session [36m302[0m 8.978 ms - 122[0m
[0mGET /users/profile/60cf6c1f1d4ebb643d674b0a [32m200[0m 7.995 ms - 2909[0m
[0mGET / [32m200[0m 15.857 ms - 4057[0m
[0mGET /users/profile/61feb8790e6114be0f37646c [32m200[0m 11.734 ms - 2331[0m
[0mGET /message/friend/pqr@gmail.com [32m200[0m 11.763 ms - 2417[0m
[0mPOST /message/save [32m200[0m 5.035 ms - 43[0m
[0mGET /message/friend/rishikeshcrever@gmail.com [36m302[0m 10.600 ms - 72[0m
[0mGET /users/sign-in [36m304[0m 15.176 ms - -[0m
[0mPOST /users/create-session [36m302[0m 18.974 ms - 122[0m
[0mGET /users/profile/60cf6c1f1d4ebb643d674b0a [32m200[0m 11.715 ms - 2909[0m
[0mGET / [32m200[0m 25.122 ms - 4057[0m
[0mGET /users/profile/61feb8790e6114be0f37646c [32m200[0m 9.873 ms - 2331[0m
[0mGET /message/friend/pqr@gmail.com [32m200[0m 11.104 ms - 2839[0m
[0mPOST /message/save [32m200[0m 5.245 ms - 43[0m
[0mGET /message/friend/pqr@gmail.com [36m302[0m 1.143 ms - 72[0m
[0mGET /users/sign-in [36m304[0m 6.539 ms - -[0m
[0mPOST /users/create-session [36m302[0m 5.867 ms - 122[0m
[0mGET /users/profile/61feb8790e6114be0f37646c [32m200[0m 7.641 ms - 2821[0m
[0mGET / [32m200[0m 15.292 ms - 3859[0m
[0mGET /users/profile/60cf6c1f1d4ebb643d674b0a [32m200[0m 7.847 ms - 2397[0m
[0mGET /message/friend/rishikeshcrever@gmail.com [32m200[0m 10.412 ms - 3055[0m
[0mGET / [32m200[0m 7.484 ms - 3245[0m
[0mGET /favicon.ico [33m404[0m 3.542 ms - 150[0m
[0mGET /users/sign-in [36m304[0m 3.407 ms - -[0m
[0mPOST /users/create-session [36m302[0m 4.583 ms - 122[0m
[0mGET /users/profile/60e6cdb34544d7789a810efd [36m304[0m 9.561 ms - -[0m
[0mGET / [32m200[0m 14.971 ms - 3857[0m
[0mGET /users/profile/60cf6c1f1d4ebb643d674b0a [36m304[0m 8.181 ms - -[0m
[0mGET /message/friend/rishikeshcrever@gmail.com [32m200[0m 15.424 ms - 8907[0m
[0mPOST /message/save [32m200[0m 5.170 ms - 43[0m
[0mPOST /message/save [32m200[0m 4.311 ms - 43[0m
[0mPOST /message/save [32m200[0m 5.014 ms - 43[0m
[0mGET /message/friend/pqr@gmail.com [36m302[0m 7.988 ms - 72[0m
[0mGET /users/sign-in [36m304[0m 17.315 ms - -[0m
[0mPOST /users/create-session [36m302[0m 18.622 ms - 122[0m
[0mGET /users/profile/60cf6c1f1d4ebb643d674b0a [36m304[0m 12.033 ms - -[0m
[0mGET / [36m304[0m 22.641 ms - -[0m
[0mGET /users/profile/61feb8790e6114be0f37646c [36m304[0m 8.949 ms - -[0m
[0mGET /message/friend/pqr@gmail.com [32m200[0m 12.436 ms - 3357[0m
[0mGET /message/friend/rishikeshcrever@gmail.com [36m302[0m 1.389 ms - 72[0m
[0mGET /users/sign-in [36m304[0m 4.074 ms - -[0m
[0mPOST /users/create-session [36m302[0m 5.133 ms - 122[0m
[0mGET /users/profile/61feb8790e6114be0f37646c [36m304[0m 8.140 ms - -[0m
[0mGET / [36m304[0m 15.745 ms - -[0m
[0mGET /users/profile/60cf6c1f1d4ebb643d674b0a [36m304[0m 8.223 ms - -[0m
[0mGET /message/friend/rishikeshcrever@gmail.com [32m200[0m 11.669 ms - 3379[0m
[0mGET /message/friend/pqr@gmail.com [36m304[0m 13.295 ms - -[0m
[0mGET /message/friend/rishikeshcrever@gmail.com [36m302[0m 0.960 ms - 72[0m
[0mGET /users/sign-in [36m304[0m 3.556 ms - -[0m
[0mGET /users/sign-in [36m304[0m 4.469 ms - -[0m
[0mPOST /users/create-session [36m302[0m 4.844 ms - 122[0m
[0mGET /users/profile/60e6cdb34544d7789a810efd [36m304[0m 8.287 ms - -[0m
[0mGET / [36m304[0m 15.019 ms - -[0m
[0mGET /users/profile/60cf6c1f1d4ebb643d674b0a [36m304[0m 8.019 ms - -[0m
[0mGET /message/friend/rishikeshcrever@gmail.com [32m200[0m 16.023 ms - 9425[0m
