[0mPOST /message/save [32m200[0m 21.744 ms - 43[0m
[0mPOST /message/save [32m200[0m 6.048 ms - 43[0m
[0mGET /message/friend/rishikeshcrever@gmail.com [32m200[0m 25.949 ms - 3708[0m
[0mPOST /message/save [32m200[0m 4.894 ms - 43[0m
[0mPOST /message/save [32m200[0m 4.844 ms - 43[0m
[0mGET /message/friend/rishikeshcrever@gmail.com [32m200[0m 21.333 ms - 9689[0m
[0mGET / [36m304[0m 26.164 ms - -[0m
[0mGET /users/sign-out [36m302[0m 8.491 ms - 46[0m
[0mGET / [32m200[0m 8.293 ms - 3534[0m
[0mGET / [32m200[0m 8.762 ms - 3245[0m
[0mGET /users/sign-in [36m304[0m 3.917 ms - -[0m
[0mPOST /users/create-session [36m302[0m 7.026 ms - 122[0m
[0mGET /users/profile/61feb8790e6114be0f37646c [36m304[0m 7.773 ms - -[0m
[0mGET / [32m200[0m 19.083 ms - 3859[0m
[0mGET /users/profile/60cf6c1f1d4ebb643d674b0a [36m304[0m 7.825 ms - -[0m
[0mGET /message/friend/rishikeshcrever@gmail.com [32m200[0m 11.545 ms - 4286[0m
[0mGET /message/friend/pqr@gmail.com [32m200[0m 13.875 ms - 4190[0m
[0mGET / [36m304[0m 14.217 ms - -[0m
[0mGET /users/profile/61feb8790e6114be0f37646c [36m304[0m 8.160 ms - -[0m
[0mGET /message/friend/pqr@gmail.com [36m304[0m 11.140 ms - -[0m
[0mPOST /message/save [32m200[0m 4.489 ms - 43[0m
[0mPOST /message/save [32m200[0m 4.232 ms - 43[0m
[0mPOST /message/save [32m200[0m 4.004 ms - 43[0m
[0mGET / [32m200[0m 7.019 ms - 3245[0m
[0mGET /favicon.ico [33m404[0m 3.276 ms - 150[0m
[0mGET /users/sign-in [36m304[0m 3.611 ms - -[0m
[0mPOST /users/create-session [36m302[0m 4.879 ms - 122[0m
[0mGET /users/profile/60e6cdb34544d7789a810efd [36m304[0m 6.632 ms - -[0m
[0mGET / [32m200[0m 12.824 ms - 3857[0m
[0mGET /users/profile/60cf6c1f1d4ebb643d674b0a [36m304[0m 10.216 ms - -[0m
[0mGET /message/friend/rishikeshcrever@gmail.com [36m304[0m 13.828 ms - -[0m
[0mPOST /message/save [32m200[0m 4.700 ms - 43[0m
[0mPOST /message/save [36m302[0m 1.142 ms - 36[0m
[0mGET /users/sign-in [36m304[0m 2.652 ms - -[0m
[0mPOST /message/save [32m200[0m 4.083 ms - 43[0m
[0mGET / [32m200[0m 13.477 ms - 3245[0m
[0mGET / [36m304[0m 38.229 ms - -[0m
[0mGET /favicon.ico [33m404[0m 9.970 ms - 150[0m
[0mGET /users/sign-in [36m304[0m 5.769 ms - -[0m
[0mPOST /users/create-session [36m302[0m 13.642 ms - 122[0m
[0mGET /users/profile/60cf6c1f1d4ebb643d674b0a [36m304[0m 12.532 ms - -[0m
[0mGET / [32m200[0m 23.800 ms - 4057[0m
[0mGET /users/profile/61feb8790e6114be0f37646c [36m304[0m 9.929 ms - -[0m
[0mGET /message/friend/pqr@gmail.com [32m200[0m 17.706 ms - 5488[0m
[0mGET / [32m200[0m 7.444 ms - 3245[0m
[0mGET /favicon.ico [33m404[0m 2.828 ms - 150[0m
[0mGET /users/sign-in [36m304[0m 3.734 ms - -[0m
[0mPOST /users/create-session [36m302[0m 6.650 ms - 122[0m
[0mGET /users/profile/60e6cdb34544d7789a810efd [36m304[0m 7.774 ms - -[0m
[0mGET / [32m200[0m 12.915 ms - 3857[0m
[0mGET /users/profile/60e6cdb34544d7789a810efd [32m200[0m 7.737 ms - 2567[0m
[0mPOST /users/update/60e6cdb34544d7789a810efd [36m302[0m 21.267 ms - 164[0m
[0mGET /users/profile/60e6cdb34544d7789a810efd [32m200[0m 10.337 ms - 2567[0m
[0mGET / [36m304[0m 16.138 ms - -[0m
[0mGET /users/profile/60cf6c1f1d4ebb643d674b0a [36m304[0m 8.396 ms - -[0m
[0mGET /message/friend/rishikeshcrever@gmail.com [32m200[0m 16.283 ms - 9946[0m
[0mGET / [36m304[0m 16.738 ms - -[0m
[0mGET /users/profile/60e6cdb34544d7789a810efd [32m200[0m 8.799 ms - 2370[0m
[0mGET / [36m304[0m 13.796 ms - -[0m
[0mGET /users/profile/61feb8790e6114be0f37646c [36m304[0m 7.895 ms - -[0m
[0mGET /friends/remove/61feb8790e6114be0f37646c [36m302[0m 14.184 ms - 122[0m
[0mGET /users/profile/61feb8790e6114be0f37646c [32m200[0m 8.198 ms - 2215[0m
[0mGET /friends/add/61feb8790e6114be0f37646c [36m302[0m 9.854 ms - 122[0m
[0mGET /users/profile/61feb8790e6114be0f37646c [32m200[0m 17.350 ms - 2331[0m
[0mGET / [36m304[0m 14.486 ms - -[0m
[0mPOST /posts/create [36m302[0m 42.060 ms - 88[0m
[0mGET / [32m200[0m 37.252 ms - 5997[0m
[0mPOST /likes/toggle?id=61ff67d2fe46e928ae488888&type=Post [32m200[0m 24.740 ms - 58[0m
[0mPOST /likes/toggle?id=61ff67d2fe46e928ae488888&type=Post [32m200[0m 18.202 ms - 57[0m
[0mGET /users/profile/61feb8790e6114be0f37646c [36m304[0m 12.261 ms - -[0m
[0mGET /message/friend/pqr@gmail.com [36m304[0m 15.597 ms - -[0m
[0mGET / [32m200[0m 21.480 ms - 5713[0m
[0mGET /users/profile/60e6cdb34544d7789a810efd [36m304[0m 10.723 ms - -[0m
[0mGET /message/friend/abc@gmail.com [32m200[0m 18.697 ms - 10016[0m
[0mPOST /message/save [32m200[0m 5.670 ms - 43[0m
[0mGET /message/friend/rishikeshcrever@gmail.com [32m200[0m 23.948 ms - 10273[0m
[0mPOST /message/save [32m200[0m 5.654 ms - 43[0m
[0mPOST /message/save [32m200[0m 5.507 ms - 43[0m
[0mGET /message/friend/rishikeshcrever@gmail.com [32m200[0m 16.268 ms - 10864[0m
[0mGET / [32m200[0m 13.157 ms - 3933[0m
[0mGET /favicon.ico [33m404[0m 3.324 ms - 150[0m
[0mGET /users/sign-in [36m304[0m 3.671 ms - -[0m
[0mPOST /users/create-session [36m302[0m 6.885 ms - 122[0m
[0mGET /users/profile/61feb8790e6114be0f37646c [36m304[0m 7.830 ms - -[0m
[0mGET / [32m200[0m 25.482 ms - 5313[0m
[0mGET /users/profile/60cf6c1f1d4ebb643d674b0a [36m304[0m 8.015 ms - -[0m
[0mGET /message/friend/rishikeshcrever@gmail.com [32m200[0m 14.289 ms - 5491[0m
[0mPOST /message/save [32m200[0m 4.309 ms - 43[0m
[0mGET / [36m304[0m 17.843 ms - -[0m
[0mGET /users/profile/61feb8790e6114be0f37646c [36m304[0m 7.869 ms - -[0m
[0mGET /message/friend/pqr@gmail.com [32m200[0m 13.004 ms - 5817[0m
[0mPOST /message/save [36m302[0m 1.052 ms - 36[0m
[0mGET /users/sign-in [36m304[0m 3.178 ms - -[0m
[0mGET / [36m304[0m 21.331 ms - -[0m
[0mGET /users/profile/60cf6c1f1d4ebb643d674b0a [36m304[0m 8.116 ms - -[0m
[0mGET / [32m200[0m 10.555 ms - 3933[0m
[0mGET /users/sign-in [36m304[0m 3.904 ms - -[0m
[0mPOST /users/create-session [36m302[0m 4.374 ms - 122[0m
[0mGET /users/profile/60cf6c1f1d4ebb643d674b0a [36m304[0m 7.309 ms - -[0m
[0mGET / [32m200[0m 24.774 ms - 5713[0m
[0mGET /users/profile/61feb8790e6114be0f37646c [36m304[0m 7.058 ms - -[0m
[0mGET /users/profile/60e6cdb34544d7789a810efd [36m304[0m 8.311 ms - -[0m
[0mGET /message/friend/abc@gmail.com [32m200[0m 16.710 ms - 10858[0m
[0mGET /message/friend/abc@gmail.com [36m304[0m 14.171 ms - -[0m
[0mPOST /message/save [32m200[0m 4.097 ms - 43[0m
[0mPOST /message/save [36m302[0m 2.332 ms - 36[0m
[0mGET /users/sign-in [36m304[0m 2.798 ms - -[0m
[0mGET /message/friend/abc@gmail.com [32m200[0m 16.645 ms - 11228[0m
[0mGET /message/friend/abc@gmail.com [36m304[0m 51.182 ms - -[0m
[0mPOST /message/save [32m200[0m 5.766 ms - 43[0m
[0mPOST /message/save [32m200[0m 5.715 ms - 43[0m
[0mGET /message/friend/rishikeshcrever@gmail.com [36m302[0m 6.627 ms - 72[0m
[0mGET /users/sign-in [36m304[0m 4.161 ms - -[0m
[0mPOST /users/create-session [36m302[0m 7.602 ms - 122[0m
[0mGET /users/profile/60e6cdb34544d7789a810efd [32m200[0m 9.881 ms - 2858[0m
[0mGET / [32m200[0m 32.146 ms - 5311[0m
[0mGET /users/profile/60cf6c1f1d4ebb643d674b0a [36m304[0m 9.978 ms - -[0m
[0mGET /message/friend/rishikeshcrever@gmail.com [32m200[0m 19.059 ms - 11730[0m
[0mPOST /message/save [32m200[0m 4.967 ms - 43[0m
[0mPOST /message/save [32m200[0m 5.117 ms - 43[0m
[0mGET /message/friend/abc@gmail.com [32m200[0m 20.025 ms - 12018[0m
[0mGET / [32m200[0m 25.750 ms - 3933[0m
[0mGET /users/sign-in [36m304[0m 4.173 ms - -[0m
[0mPOST /users/create-session [36m302[0m 5.042 ms - 122[0m
[0mGET /users/profile/60cf6c1f1d4ebb643d674b0a [36m304[0m 8.150 ms - -[0m
[0mGET / [32m200[0m 23.416 ms - 5713[0m
[0mGET /users/profile/61feb8790e6114be0f37646c [36m304[0m 8.880 ms - -[0m
[0mGET /message/friend/pqr@gmail.com [36m304[0m 13.276 ms - -[0m
